[0x1003074d0] main libvlc: Running vlc with the default interface. Use 'cvlc' to use vlc without interface.
[0x105ebb790] httplive stream: HTTP Live Streaming (radio-hichannel.cdn.hinet.net/live/pool/hich-ra000072/ra-hls/index.m3u8?token1=8JYg8ikUPG9Af8TZ_jXcPw&token2=z8N4nuBufmWU-VgzJZ9DAQ&expire1=1422318713&expire2=1422340313)
libdvbpsi error (PSI decoder): TS discontinuity (received 15, expected 0) for PID 0
libdvbpsi error (PSI decoder): TS discontinuity (received 15, expected 0) for PID 32
[0x1079356d0] ts demux error: MPEG-4 descriptor not found
[0x1008a38b0] packetizer_mpeg4audio packetizer: AAC channels: 2 samplerate: 48000
shader program 1: WARNING: Output of vertex shader 'TexCoord1' not read by fragment shader
WARNING: Output of vertex shader 'TexCoord2' not read by fragment shader

[h264 @ 0x1008b9e00] illegal short term buffer state detected
[0x10094bcb0] freetype spu text error: Breaking unbreakable line
[0x10094bcb0] freetype spu text error: Breaking unbreakable line
[0x10094bcb0] freetype spu text error: Breaking unbreakable line
[0x10094bcb0] freetype spu text error: Breaking unbreakable line
[0x10094bcb0] freetype spu text error: Breaking unbreakable line
[0x10094bcb0] freetype spu text error: Breaking unbreakable line
[0x10094bcb0] freetype spu text error: Breaking unbreakable line
[0x10094bcb0] freetype spu text error: Breaking unbreakable line
[0x10094bcb0] freetype spu text error: Breaking unbreakable line
[0x10e0898c0] access_http access error: cannot connect to radio-hichannel.cdn.hinet.net:80
[0x10e0898c0] access_mms access error: cannot connect to radio-hichannel.cdn.hinet.net:80
[0x105ebb790] main stream error: no suitable access module for `http://radio-hichannel.cdn.hinet.net/live/pool/hich-ra000072/ra-hls/hich-ra000072-audio=131000-video=0-31525.ts'
[0x105ebb790] httplive stream error: downloading segment 31525 from stream 0 failed
[0x107772190] main vout display error: Failed to resize display
[0x100312720] main libvlc: Running vlc with the default interface. Use 'cvlc' to use vlc without interface.
[0x107643ba0] httplive stream: HTTP Live Streaming (radio-hichannel.cdn.hinet.net/live/pool/hich-ra000072/ra-hls/index.m3u8?token1=JS77lhJ6aROG5zLuCgGDNg&token2=_eGt00GQWFDlvGdpL7sv3A&expire1=1422318763&expire2=1422340363)
libdvbpsi error (PSI decoder): TS discontinuity (received 4, expected 0) for PID 0
libdvbpsi error (PSI decoder): TS discontinuity (received 4, expected 0) for PID 32
[0x10796fd80] ts demux error: MPEG-4 descriptor not found
[0x1008422b0] packetizer_mpeg4audio packetizer: AAC channels: 2 samplerate: 48000
shader program 1: WARNING: Output of vertex shader 'TexCoord1' not read by fragment shader
WARNING: Output of vertex shader 'TexCoord2' not read by fragment shader

[h264 @ 0x10089da00] illegal short term buffer state detected
[0x10120d4b0] freetype spu text error: Breaking unbreakable line
[0x10120d4b0] freetype spu text error: Breaking unbreakable line
[0x10120d4b0] freetype spu text error: Breaking unbreakable line
[0x10e024a50] httplive stream: HTTP Live Streaming (radio-hichannel.cdn.hinet.net/live/pool/hich-ra000072/ra-hls/index.m3u8?token1=JS77lhJ6aROG5zLuCgGDNg&token2=_eGt00GQWFDlvGdpL7sv3A&expire1=1422318763&expire2=1422340363)
libdvbpsi error (PSI decoder): TS discontinuity (received 7, expected 0) for PID 0
libdvbpsi error (PSI decoder): TS discontinuity (received 7, expected 0) for PID 32
[0x1079eb260] ts demux error: MPEG-4 descriptor not found
[0x1076504d0] access_http access error: cannot connect to radio-hichannel.cdn.hinet.net:80
[0x1076504d0] access_mms access error: cannot connect to radio-hichannel.cdn.hinet.net:80
[0x10e024a50] main stream error: no suitable access module for `http://radio-hichannel.cdn.hinet.net/live/pool/hich-ra000072/ra-hls/hich-ra000072-audio=131000-video=0-31529.ts'
[0x10e024a50] httplive stream error: downloading segment 31529 from stream 0 failed
[0x100310dc0] main libvlc: Running vlc with the default interface. Use 'cvlc' to use vlc without interface.
[0x105ec2270] httplive stream: HTTP Live Streaming (radio-hichannel.cdn.hinet.net/live/pool/hich-ra000072/ra-hls/index.m3u8?token1=SaD-2dRZh9y3aPuFgdkPPw&token2=qNaD30VppNroOoQqcqCARw&expire1=1422318862&expire2=1422340462)
libdvbpsi error (PSI decoder): TS discontinuity (received 14, expected 0) for PID 0
libdvbpsi error (PSI decoder): TS discontinuity (received 14, expected 0) for PID 32
[0x10779d700] ts demux error: MPEG-4 descriptor not found
[0x100908ab0] packetizer_mpeg4audio packetizer: AAC channels: 2 samplerate: 48000
shader program 1: WARNING: Output of vertex shader 'TexCoord1' not read by fragment shader
WARNING: Output of vertex shader 'TexCoord2' not read by fragment shader

[h264 @ 0x1011ac600] illegal short term buffer state detected
[0x1008852b0] freetype spu text error: Breaking unbreakable line
[0x1008852b0] freetype spu text error: Breaking unbreakable line
[0x1008852b0] freetype spu text error: Breaking unbreakable line
[0x1002f82a0] main vout display error: Failed to resize display
[0x100312a70] main libvlc: Running vlc with the default interface. Use 'cvlc' to use vlc without interface.
[0x10774f800] httplive stream: HTTP Live Streaming (radio-hichannel.cdn.hinet.net/live/pool/hich-ra000072/ra-hls/index.m3u8?token1=VlcKTvHPDydYnkDQOmdi6w&token2=rPGdrtuuqxFRDZM0DfxYgQ&expire1=1422318892&expire2=1422340492)
[0x10775d2f0] ts demux error: MPEG-4 descriptor not found
[0x1019188b0] packetizer_mpeg4audio packetizer: AAC channels: 2 samplerate: 48000
shader program 1: WARNING: Output of vertex shader 'TexCoord1' not read by fragment shader
WARNING: Output of vertex shader 'TexCoord2' not read by fragment shader

[h264 @ 0x1008b0600] illegal short term buffer state detected
[0x10193d4b0] freetype spu text error: Breaking unbreakable line
[0x10193d4b0] freetype spu text error: Breaking unbreakable line
[0x10193d4b0] freetype spu text error: Breaking unbreakable line
[0x10030d9e0] main libvlc: Running vlc with the default interface. Use 'cvlc' to use vlc without interface.
[0x1063bbd70] httplive stream: HTTP Live Streaming (radio-hichannel.cdn.hinet.net/live/pool/hich-ra000019/ra-hls/index.m3u8?token1=ZgAiiGKyIsZCOdTOag0Fuw&token2=u81MiJmdkvOjoXljJ6Ko7w&expire1=1422318905&expire2=1422340505)
libdvbpsi error (PSI decoder): TS discontinuity (received 1, expected 0) for PID 0
libdvbpsi error (PSI decoder): TS discontinuity (received 1, expected 0) for PID 32
[0x106a29b20] ts demux error: MPEG-4 descriptor not found
[0x1019340b0] packetizer_mpeg4audio packetizer: AAC channels: 2 samplerate: 48000
shader program 1: WARNING: Output of vertex shader 'TexCoord1' not read by fragment shader
WARNING: Output of vertex shader 'TexCoord2' not read by fragment shader

[h264 @ 0x1018b4e00] illegal short term buffer state detected
[0x100a1b0b0] freetype spu text error: Breaking unbreakable line
[0x100a1b0b0] freetype spu text error: Breaking unbreakable line
[0x100a1b0b0] freetype spu text error: Breaking unbreakable line
[0x10795f5e0] main vout display error: Failed to resize display
[0x106381620] main vout display error: Failed to resize display
[0x1003150f0] main libvlc: Running vlc with the default interface. Use 'cvlc' to use vlc without interface.
[0x107751cb0] httplive stream: HTTP Live Streaming (radio-hichannel.cdn.hinet.net/live/pool/hich-ra000072/ra-hls/index.m3u8?token1=jCsDWRX5_uJOUfo0DlZLBA&token2=JgPsdDErPQ95w5FKoIkw7Q&expire1=1422319824&expire2=1422341424)
libdvbpsi error (PSI decoder): TS discontinuity (received 14, expected 0) for PID 0
libdvbpsi error (PSI decoder): TS discontinuity (received 14, expected 0) for PID 32
[0x1068a95b0] ts demux error: MPEG-4 descriptor not found
[0x1018f88b0] packetizer_mpeg4audio packetizer: AAC channels: 2 samplerate: 48000
shader program 1: WARNING: Output of vertex shader 'TexCoord1' not read by fragment shader
WARNING: Output of vertex shader 'TexCoord2' not read by fragment shader

[h264 @ 0x1018f4000] illegal short term buffer state detected
[0x1018f9cb0] freetype spu text error: Breaking unbreakable line
[0x1018f9cb0] freetype spu text error: Breaking unbreakable line
[0x1068971f0] access_http access error: failed to read answer
[0x1068971f0] access_mms access error: cannot connect to radio-hichannel.cdn.hinet.net:80
[0x1018f9cb0] freetype spu text error: Breaking unbreakable line
[0x107751cb0] main stream error: no suitable access module for `http://radio-hichannel.cdn.hinet.net/live/pool/hich-ra000072/ra-hls/hich-ra000072-audio=131000-video=0-31632.ts'
[0x107751cb0] httplive stream error: downloading segment 31632 from stream 0 failed
[0x1079382c0] main vout display error: Failed to set on top
[0x1079382c0] main vout display error: Failed to resize display
[0x1079382c0] main vout display error: Failed to resize display
[0x1002378f0] main libvlc: Running vlc with the default interface. Use 'cvlc' to use vlc without interface.
[0x107705510] httplive stream: HTTP Live Streaming (radio-hichannel.cdn.hinet.net/live/pool/hich-ra000072/ra-hls/index.m3u8?token1=w_gHXukGsk8crjtqUVBzZw&token2=5h9BrJim9MvUvKdzYB3Avg&expire1=1422319883&expire2=1422341483)
[0x10022e3f0] main libvlc: Running vlc with the default interface. Use 'cvlc' to use vlc without interface.
[0x108d1b500] httplive stream: HTTP Live Streaming (radio-hichannel.cdn.hinet.net/live/pool/hich-ra000072/ra-hls/index.m3u8?token1=QuzMMXi0eYwpDW0sU1RBfA&token2=fCmwA96m8e9wOF7z_OBvPw&expire1=1422320204&expire2=1422341804)
[0x101210680] main libvlc: Running vlc with the default interface. Use 'cvlc' to use vlc without interface.
[0x106b3a6d0] httplive stream: HTTP Live Streaming (radio-hichannel.cdn.hinet.net/live/pool/hich-ra000072/ra-hls/index.m3u8?token1=f3wx5LmLa4dC-mHkR2Tp9g&token2=ObEdzEC5B0rtE-hpLUExoA&expire1=1422320271&expire2=1422341871)
libdvbpsi error (PSI decoder): TS discontinuity (received 10, expected 0) for PID 0
libdvbpsi error (PSI decoder): TS discontinuity (received 10, expected 0) for PID 32
[0x107827fe0] ts demux error: MPEG-4 descriptor not found
[0x10184d4b0] packetizer_mpeg4audio packetizer: AAC channels: 2 samplerate: 48000
shader program 1: WARNING: Output of vertex shader 'TexCoord1' not read by fragment shader
WARNING: Output of vertex shader 'TexCoord2' not read by fragment shader

[h264 @ 0x10091e800] illegal short term buffer state detected
[0x1019158b0] freetype spu text error: Breaking unbreakable line
[0x1019158b0] freetype spu text error: Breaking unbreakable line
[0x1019158b0] freetype spu text error: Breaking unbreakable line
[0x100237060] main libvlc: Running vlc with the default interface. Use 'cvlc' to use vlc without interface.
[0x107501540] httplive stream: HTTP Live Streaming (radio-hichannel.cdn.hinet.net/live/pool/hich-ra000072/ra-hls/index.m3u8?token1=OvUSMw1cqdfuEMQrZxuRiQ&token2=jLogDIMJC6xNMl0KzBKktw&expire1=1422320354&expire2=1422341954)
libdvbpsi error (PSI decoder): TS discontinuity (received 3, expected 0) for PID 0
libdvbpsi error (PSI decoder): TS discontinuity (received 3, expected 0) for PID 32
[0x104b6c8a0] ts demux error: MPEG-4 descriptor not found
[0x1008bdeb0] packetizer_mpeg4audio packetizer: AAC channels: 2 samplerate: 48000
shader program 1: WARNING: Output of vertex shader 'TexCoord1' not read by fragment shader
WARNING: Output of vertex shader 'TexCoord2' not read by fragment shader

[h264 @ 0x1010b0800] illegal short term buffer state detected
[0x1010860b0] freetype spu text error: Breaking unbreakable line
[0x1010860b0] freetype spu text error: Breaking unbreakable line
[0x1010860b0] freetype spu text error: Breaking unbreakable line
[0x1075bac90] access_http access error: cannot connect to radio-hichannel.cdn.hinet.net:80
[0x1075bac90] access_mms access error: cannot connect to radio-hichannel.cdn.hinet.net:80
[0x107501540] main stream error: no suitable access module for `http://radio-hichannel.cdn.hinet.net/live/pool/hich-ra000072/ra-hls/hich-ra000072-audio=131000-video=0-31686.ts'
[0x107501540] httplive stream error: downloading segment 31686 from stream 0 failed
[0x108d0ba30] main vout display error: Failed to resize display
[0x100236cc0] main libvlc: Running vlc with the default interface. Use 'cvlc' to use vlc without interface.
[0x1079616b0] httplive stream: HTTP Live Streaming (radio-hichannel.cdn.hinet.net/live/pool/hich-ra000072/ra-hls/index.m3u8?token1=1KqST9rrQDfXXmaBzIJoRA&token2=FpdttSPxf9Lm_33RAKd3pw&expire1=1422320383&expire2=1422341983)
[0x1002174f0] main libvlc: Running vlc with the default interface. Use 'cvlc' to use vlc without interface.
[0x107971db0] httplive stream: HTTP Live Streaming (radio-hichannel.cdn.hinet.net/live/pool/hich-ra000072/ra-hls/index.m3u8?token1=JXYTtoqSZa-xIOCECEzPfQ&token2=EEyYzVAFVkSrw-zdKhHHIQ&expire1=1422320398&expire2=1422341998)
libdvbpsi error (PSI decoder): TS discontinuity (received 7, expected 0) for PID 0
libdvbpsi error (PSI decoder): TS discontinuity (received 7, expected 0) for PID 32
[0x106bd23a0] ts demux error: MPEG-4 descriptor not found
[0x1009060b0] packetizer_mpeg4audio packetizer: AAC channels: 2 samplerate: 48000
shader program 1: WARNING: Output of vertex shader 'TexCoord1' not read by fragment shader
WARNING: Output of vertex shader 'TexCoord2' not read by fragment shader

[h264 @ 0x10114a000] illegal short term buffer state detected
[0x10093e4b0] freetype spu text error: Breaking unbreakable line
[0x10093e4b0] freetype spu text error: Breaking unbreakable line
[0x10093e4b0] freetype spu text error: Breaking unbreakable line
[0x10798a050] main vout display error: Failed to resize display
[0x10120f470] main libvlc: Running vlc with the default interface. Use 'cvlc' to use vlc without interface.
[0x107750f90] httplive stream: HTTP Live Streaming (radio-hichannel.cdn.hinet.net/live/pool/hich-ra000072/ra-hls/index.m3u8?token1=ToONrF1otItVQw6e6k-uVA&token2=KPvTxQ5quZlQJn54xGSNWQ&expire1=1422320440&expire2=1422342040)
libdvbpsi error (PSI decoder): TS discontinuity (received 11, expected 0) for PID 0
libdvbpsi error (PSI decoder): TS discontinuity (received 11, expected 0) for PID 32
[0x10798a990] ts demux error: MPEG-4 descriptor not found
[0x101a04ab0] packetizer_mpeg4audio packetizer: AAC channels: 2 samplerate: 48000
shader program 1: WARNING: Output of vertex shader 'TexCoord1' not read by fragment shader
WARNING: Output of vertex shader 'TexCoord2' not read by fragment shader

[h264 @ 0x1008d6a00] illegal short term buffer state detected
[0x101948ab0] freetype spu text error: Breaking unbreakable line
[0x101948ab0] freetype spu text error: Breaking unbreakable line
[0x101948ab0] freetype spu text error: Breaking unbreakable line
[0x100310b70] main libvlc: Running vlc with the default interface. Use 'cvlc' to use vlc without interface.
[0x104b7dbd0] httplive stream: HTTP Live Streaming (radio-hichannel.cdn.hinet.net/live/pool/hich-ra000072/ra-hls/index.m3u8?token1=jOOc9M90cTxwrFxYAlmV-Q&token2=TzQilWp9eMxnm5BZUJAs-Q&expire1=1422320460&expire2=1422342060)
libdvbpsi error (PSI decoder): TS discontinuity (received 13, expected 0) for PID 0
libdvbpsi error (PSI decoder): TS discontinuity (received 13, expected 0) for PID 32
[0x10794a7f0] ts demux error: MPEG-4 descriptor not found
[0x10115c0b0] packetizer_mpeg4audio packetizer: AAC channels: 2 samplerate: 48000
shader program 1: WARNING: Output of vertex shader 'TexCoord1' not read by fragment shader
WARNING: Output of vertex shader 'TexCoord2' not read by fragment shader

[h264 @ 0x10115e000] illegal short term buffer state detected
[0x10115ccb0] freetype spu text error: Breaking unbreakable line
[0x10115ccb0] freetype spu text error: Breaking unbreakable line
[0x10115ccb0] freetype spu text error: Breaking unbreakable line
[0x107750f90] httplive stream error: EXT-X-MEDIA-SEQUENCE gap in playlist (new=31695, old=31694)
[0x10020e5f0] main libvlc: Running vlc with the default interface. Use 'cvlc' to use vlc without interface.
[0x1068c12f0] httplive stream: HTTP Live Streaming (radio-hichannel.cdn.hinet.net/live/pool/hich-ra000072/ra-hls/index.m3u8?token1=d6bsm_vh8EyIPlsN64n0Hw&token2=gYxtzaDl7BdT4CPahR4WXQ&expire1=1422320473&expire2=1422342073)
libdvbpsi error (PSI decoder): TS discontinuity (received 15, expected 0) for PID 0
libdvbpsi error (PSI decoder): TS discontinuity (received 15, expected 0) for PID 32
[0x108f86bb0] ts demux error: MPEG-4 descriptor not found
[0x1009480b0] packetizer_mpeg4audio packetizer: AAC channels: 2 samplerate: 48000
shader program 1: WARNING: Output of vertex shader 'TexCoord1' not read by fragment shader
WARNING: Output of vertex shader 'TexCoord2' not read by fragment shader

[h264 @ 0x101105600] illegal short term buffer state detected
[0x1008b30b0] freetype spu text error: Breaking unbreakable line
[0x1008b30b0] freetype spu text error: Breaking unbreakable line
[0x1008b30b0] freetype spu text error: Breaking unbreakable line
[0x1008b30b0] freetype spu text error: Breaking unbreakable line
[0x1008b30b0] freetype spu text error: Breaking unbreakable line
[0x1008b30b0] freetype spu text error: Breaking unbreakable line
[0x1008b30b0] freetype spu text error: Breaking unbreakable line
[0x1008b30b0] freetype spu text error: Breaking unbreakable line
[0x1008b30b0] freetype spu text error: Breaking unbreakable line
[0x1077aaa30] access_http access error: failed to read answer
[0x1077aaa30] access_mms access error: cannot connect to radio-hichannel.cdn.hinet.net:80
[0x1068c12f0] main stream error: no suitable access module for `http://radio-hichannel.cdn.hinet.net/live/pool/hich-ra000072/ra-hls/hich-ra000072-audio=131000-video=0-31697.ts'
[0x1068c12f0] httplive stream error: downloading segment 31697 from stream 0 failed
[0x106a56340] main vout display error: Failed to resize display
[0x1078602f0] main vout display error: Failed to resize display
[0x107520e70] main vout display error: Failed to resize display
[0x1002304d0] main libvlc: Running vlc with the default interface. Use 'cvlc' to use vlc without interface.
[0x108e2f810] httplive stream: HTTP Live Streaming (radio-hichannel.cdn.hinet.net/live/pool/hich-ra000072/ra-hls/index.m3u8?token1=IcC_g-OAq90-aYcO8NCiew&token2=bbHIX6er8rbWUHSTHzn6uQ&expire1=1422320535&expire2=1422342135)
libdvbpsi error (PSI decoder): TS discontinuity (received 5, expected 0) for PID 0
libdvbpsi error (PSI decoder): TS discontinuity (received 5, expected 0) for PID 32
[0x108e24640] ts demux error: MPEG-4 descriptor not found
[0x1019150b0] packetizer_mpeg4audio packetizer: AAC channels: 2 samplerate: 48000
shader program 1: WARNING: Output of vertex shader 'TexCoord1' not read by fragment shader
WARNING: Output of vertex shader 'TexCoord2' not read by fragment shader

[h264 @ 0x101841c00] illegal short term buffer state detected
[0x1009620b0] freetype spu text error: Breaking unbreakable line
[0x1009620b0] freetype spu text error: Breaking unbreakable line
[0x1009620b0] freetype spu text error: Breaking unbreakable line
[0x108e56180] main vout display error: Failed to resize display
